c:\users\maya\documents\studies\defensive_systems\file_sender_cpp\filesender\filesender\x64\debug\vc143.pdb
c:\users\maya\documents\studies\defensive_systems\file_sender_cpp\filesender\filesender\x64\debug\vc143.idb
c:\users\maya\documents\studies\defensive_systems\file_sender_cpp\filesender\filesender\x64\debug\filesender.obj
c:\users\maya\documents\studies\defensive_systems\file_sender_cpp\filesender\filesender\x64\debug\rsawrapper.obj
c:\users\maya\documents\studies\defensive_systems\file_sender_cpp\filesender\filesender\x64\debug\main.obj
c:\users\maya\documents\studies\defensive_systems\file_sender_cpp\filesender\filesender\x64\debug\examples.obj
c:\users\maya\documents\studies\defensive_systems\file_sender_cpp\filesender\filesender\x64\debug\config.obj
c:\users\maya\documents\studies\defensive_systems\file_sender_cpp\filesender\filesender\x64\debug\base64wrapper.obj
c:\users\maya\documents\studies\defensive_systems\file_sender_cpp\filesender\filesender\x64\debug\aeswrapper.obj
c:\users\maya\documents\studies\defensive_systems\file_sender_cpp\filesender\x64\debug\filesender.pdb
c:\users\maya\documents\studies\defensive_systems\file_sender_cpp\filesender\filesender\x64\debug\filesender.tlog\cl.command.1.tlog
c:\users\maya\documents\studies\defensive_systems\file_sender_cpp\filesender\filesender\x64\debug\filesender.tlog\cl.read.1.tlog
c:\users\maya\documents\studies\defensive_systems\file_sender_cpp\filesender\filesender\x64\debug\filesender.tlog\cl.write.1.tlog
c:\users\maya\documents\studies\defensive_systems\file_sender_cpp\filesender\filesender\x64\debug\filesender.tlog\link-cvtres.read.1.tlog
c:\users\maya\documents\studies\defensive_systems\file_sender_cpp\filesender\filesender\x64\debug\filesender.tlog\link-cvtres.write.1.tlog
c:\users\maya\documents\studies\defensive_systems\file_sender_cpp\filesender\filesender\x64\debug\filesender.tlog\link-rc.read.1.tlog
c:\users\maya\documents\studies\defensive_systems\file_sender_cpp\filesender\filesender\x64\debug\filesender.tlog\link-rc.write.1.tlog
c:\users\maya\documents\studies\defensive_systems\file_sender_cpp\filesender\filesender\x64\debug\filesender.tlog\link.command.1.tlog
c:\users\maya\documents\studies\defensive_systems\file_sender_cpp\filesender\filesender\x64\debug\filesender.tlog\link.read.1.tlog
c:\users\maya\documents\studies\defensive_systems\file_sender_cpp\filesender\filesender\x64\debug\filesender.tlog\link.read.2.tlog
c:\users\maya\documents\studies\defensive_systems\file_sender_cpp\filesender\filesender\x64\debug\filesender.tlog\link.write.1.tlog
