  FileSender.cpp
AESWrapper.obj : error LNK2019: unresolved external symbol "public: __cdecl CryptoPP::Algorithm::Algorithm(bool)" (??0Algorithm@CryptoPP@@QEAA@_N@Z) referenced in function "public: __cdecl CryptoPP::BlockTransformation::BlockTransformation(void)" (??0BlockTransformation@CryptoPP@@QEAA@XZ)
Base64Wrapper.obj : error LNK2001: unresolved external symbol "public: __cdecl CryptoPP::Algorithm::Algorithm(bool)" (??0Algorithm@CryptoPP@@QEAA@_N@Z)
RSAWrapper.obj : error LNK2001: unresolved external symbol "public: __cdecl CryptoPP::Algorithm::Algorithm(bool)" (??0Algorithm@CryptoPP@@QEAA@_N@Z)
AESWrapper.obj : error LNK2019: unresolved external symbol "public: virtual void __cdecl CryptoPP::SimpleKeyingInterface::SetKey(unsigned char const *,unsigned __int64,class CryptoPP::NameValuePairs const &)" (?SetKey@SimpleKeyingInterface@CryptoPP@@UEAAXPEBE_KAEBVNameValuePairs@2@@Z) referenced in function "public: __cdecl CryptoPP::BlockCipherFinal<1,class CryptoPP::Rijndael::Dec>::BlockCipherFinal<1,class CryptoPP::Rijndael::Dec>(unsigned char const *,unsigned __int64)" (??0?$BlockCipherFinal@$00VDec@Rijndael@CryptoPP@@@CryptoPP@@QEAA@PEBE_K@Z)
AESWrapper.obj : error LNK2001: unresolved external symbol "public: virtual void __cdecl CryptoPP::SimpleKeyingInterface::GetNextIV(class CryptoPP::RandomNumberGenerator &,unsigned char *)" (?GetNextIV@SimpleKeyingInterface@CryptoPP@@UEAAXAEAVRandomNumberGenerator@2@PEAE@Z)
AESWrapper.obj : error LNK2019: unresolved external symbol "protected: void __cdecl CryptoPP::SimpleKeyingInterface::ThrowIfInvalidIV(unsigned char const *)" (?ThrowIfInvalidIV@SimpleKeyingInterface@CryptoPP@@IEAAXPEBE@Z) referenced in function "public: void __cdecl CryptoPP::CipherModeBase::SetCipherWithIV(class CryptoPP::BlockCipher &,unsigned char const *,int)" (?SetCipherWithIV@CipherModeBase@CryptoPP@@QEAAXAEAVBlockCipher@2@PEBEH@Z)
AESWrapper.obj : error LNK2019: unresolved external symbol "protected: unsigned __int64 __cdecl CryptoPP::SimpleKeyingInterface::ThrowIfInvalidIVLength(int)" (?ThrowIfInvalidIVLength@SimpleKeyingInterface@CryptoPP@@IEAA_KH@Z) referenced in function "public: virtual void __cdecl CryptoPP::BlockOrientedCipherModeBase::Resynchronize(unsigned char const *,int)" (?Resynchronize@BlockOrientedCipherModeBase@CryptoPP@@UEAAXPEBEH@Z)
AESWrapper.obj : error LNK2001: unresolved external symbol "public: virtual unsigned __int64 __cdecl CryptoPP::StreamTransformation::ProcessLastBlock(unsigned char *,unsigned __int64,unsigned char const *,unsigned __int64)" (?ProcessLastBlock@StreamTransformation@CryptoPP@@UEAA_KPEAE_KPEBE1@Z)
AESWrapper.obj : error LNK2001: unresolved external symbol "public: virtual unsigned int __cdecl CryptoPP::BufferedTransformation::GetMaxWaitObjectCount(void)const " (?GetMaxWaitObjectCount@BufferedTransformation@CryptoPP@@UEBAIXZ)
Base64Wrapper.obj : error LNK2001: unresolved external symbol "public: virtual unsigned int __cdecl CryptoPP::BufferedTransformation::GetMaxWaitObjectCount(void)const " (?GetMaxWaitObjectCount@BufferedTransformation@CryptoPP@@UEBAIXZ)
RSAWrapper.obj : error LNK2001: unresolved external symbol "public: virtual unsigned int __cdecl CryptoPP::BufferedTransformation::GetMaxWaitObjectCount(void)const " (?GetMaxWaitObjectCount@BufferedTransformation@CryptoPP@@UEBAIXZ)
AESWrapper.obj : error LNK2001: unresolved external symbol "public: virtual void __cdecl CryptoPP::BufferedTransformation::GetWaitObjects(class CryptoPP::WaitObjectContainer &,class CryptoPP::CallStack const &)" (?GetWaitObjects@BufferedTransformation@CryptoPP@@UEAAXAEAVWaitObjectContainer@2@AEBVCallStack@2@@Z)
Base64Wrapper.obj : error LNK2001: unresolved external symbol "public: virtual void __cdecl CryptoPP::BufferedTransformation::GetWaitObjects(class CryptoPP::WaitObjectContainer &,class CryptoPP::CallStack const &)" (?GetWaitObjects@BufferedTransformation@CryptoPP@@UEAAXAEAVWaitObjectContainer@2@AEBVCallStack@2@@Z)
RSAWrapper.obj : error LNK2001: unresolved external symbol "public: virtual void __cdecl CryptoPP::BufferedTransformation::GetWaitObjects(class CryptoPP::WaitObjectContainer &,class CryptoPP::CallStack const &)" (?GetWaitObjects@BufferedTransformation@CryptoPP@@UEAAXAEAVWaitObjectContainer@2@AEBVCallStack@2@@Z)
AESWrapper.obj : error LNK2001: unresolved external symbol "public: virtual void __cdecl CryptoPP::BufferedTransformation::Initialize(class CryptoPP::NameValuePairs const &,int)" (?Initialize@BufferedTransformation@CryptoPP@@UEAAXAEBVNameValuePairs@2@H@Z)
Base64Wrapper.obj : error LNK2001: unresolved external symbol "public: virtual void __cdecl CryptoPP::BufferedTransformation::Initialize(class CryptoPP::NameValuePairs const &,int)" (?Initialize@BufferedTransformation@CryptoPP@@UEAAXAEBVNameValuePairs@2@H@Z)
RSAWrapper.obj : error LNK2001: unresolved external symbol "public: virtual void __cdecl CryptoPP::BufferedTransformation::Initialize(class CryptoPP::NameValuePairs const &,int)" (?Initialize@BufferedTransformation@CryptoPP@@UEAAXAEBVNameValuePairs@2@H@Z)
AESWrapper.obj : error LNK2001: unresolved external symbol "public: virtual bool __cdecl CryptoPP::BufferedTransformation::Flush(bool,int,bool)" (?Flush@BufferedTransformation@CryptoPP@@UEAA_N_NH0@Z)
Base64Wrapper.obj : error LNK2001: unresolved external symbol "public: virtual bool __cdecl CryptoPP::BufferedTransformation::Flush(bool,int,bool)" (?Flush@BufferedTransformation@CryptoPP@@UEAA_N_NH0@Z)
RSAWrapper.obj : error LNK2001: unresolved external symbol "public: virtual bool __cdecl CryptoPP::BufferedTransformation::Flush(bool,int,bool)" (?Flush@BufferedTransformation@CryptoPP@@UEAA_N_NH0@Z)
AESWrapper.obj : error LNK2001: unresolved external symbol "public: virtual bool __cdecl CryptoPP::BufferedTransformation::MessageSeriesEnd(int,bool)" (?MessageSeriesEnd@BufferedTransformation@CryptoPP@@UEAA_NH_N@Z)
Base64Wrapper.obj : error LNK2001: unresolved external symbol "public: virtual bool __cdecl CryptoPP::BufferedTransformation::MessageSeriesEnd(int,bool)" (?MessageSeriesEnd@BufferedTransformation@CryptoPP@@UEAA_NH_N@Z)
RSAWrapper.obj : error LNK2001: unresolved external symbol "public: virtual bool __cdecl CryptoPP::BufferedTransformation::MessageSeriesEnd(int,bool)" (?MessageSeriesEnd@BufferedTransformation@CryptoPP@@UEAA_NH_N@Z)
AESWrapper.obj : error LNK2001: unresolved external symbol "public: virtual unsigned __int64 __cdecl CryptoPP::BufferedTransformation::MaxRetrievable(void)const " (?MaxRetrievable@BufferedTransformation@CryptoPP@@UEBA_KXZ)
Base64Wrapper.obj : error LNK2001: unresolved external symbol "public: virtual unsigned __int64 __cdecl CryptoPP::BufferedTransformation::MaxRetrievable(void)const " (?MaxRetrievable@BufferedTransformation@CryptoPP@@UEBA_KXZ)
RSAWrapper.obj : error LNK2001: unresolved external symbol "public: virtual unsigned __int64 __cdecl CryptoPP::BufferedTransformation::MaxRetrievable(void)const " (?MaxRetrievable@BufferedTransformation@CryptoPP@@UEBA_KXZ)
AESWrapper.obj : error LNK2001: unresolved external symbol "public: virtual bool __cdecl CryptoPP::BufferedTransformation::AnyRetrievable(void)const " (?AnyRetrievable@BufferedTransformation@CryptoPP@@UEBA_NXZ)
Base64Wrapper.obj : error LNK2001: unresolved external symbol "public: virtual bool __cdecl CryptoPP::BufferedTransformation::AnyRetrievable(void)const " (?AnyRetrievable@BufferedTransformation@CryptoPP@@UEBA_NXZ)
RSAWrapper.obj : error LNK2001: unresolved external symbol "public: virtual bool __cdecl CryptoPP::BufferedTransformation::AnyRetrievable(void)const " (?AnyRetrievable@BufferedTransformation@CryptoPP@@UEBA_NXZ)
AESWrapper.obj : error LNK2001: unresolved external symbol "public: virtual unsigned __int64 __cdecl CryptoPP::BufferedTransformation::Get(unsigned char &)" (?Get@BufferedTransformation@CryptoPP@@UEAA_KAEAE@Z)
Base64Wrapper.obj : error LNK2001: unresolved external symbol "public: virtual unsigned __int64 __cdecl CryptoPP::BufferedTransformation::Get(unsigned char &)" (?Get@BufferedTransformation@CryptoPP@@UEAA_KAEAE@Z)
RSAWrapper.obj : error LNK2001: unresolved external symbol "public: virtual unsigned __int64 __cdecl CryptoPP::BufferedTransformation::Get(unsigned char &)" (?Get@BufferedTransformation@CryptoPP@@UEAA_KAEAE@Z)
AESWrapper.obj : error LNK2001: unresolved external symbol "public: virtual unsigned __int64 __cdecl CryptoPP::BufferedTransformation::Get(unsigned char *,unsigned __int64)" (?Get@BufferedTransformation@CryptoPP@@UEAA_KPEAE_K@Z)
Base64Wrapper.obj : error LNK2001: unresolved external symbol "public: virtual unsigned __int64 __cdecl CryptoPP::BufferedTransformation::Get(unsigned char *,unsigned __int64)" (?Get@BufferedTransformation@CryptoPP@@UEAA_KPEAE_K@Z)
RSAWrapper.obj : error LNK2001: unresolved external symbol "public: virtual unsigned __int64 __cdecl CryptoPP::BufferedTransformation::Get(unsigned char *,unsigned __int64)" (?Get@BufferedTransformation@CryptoPP@@UEAA_KPEAE_K@Z)
AESWrapper.obj : error LNK2001: unresolved external symbol "public: virtual unsigned __int64 __cdecl CryptoPP::BufferedTransformation::Peek(unsigned char &)const " (?Peek@BufferedTransformation@CryptoPP@@UEBA_KAEAE@Z)
Base64Wrapper.obj : error LNK2001: unresolved external symbol "public: virtual unsigned __int64 __cdecl CryptoPP::BufferedTransformation::Peek(unsigned char &)const " (?Peek@BufferedTransformation@CryptoPP@@UEBA_KAEAE@Z)
RSAWrapper.obj : error LNK2001: unresolved external symbol "public: virtual unsigned __int64 __cdecl CryptoPP::BufferedTransformation::Peek(unsigned char &)const " (?Peek@BufferedTransformation@CryptoPP@@UEBA_KAEAE@Z)
AESWrapper.obj : error LNK2001: unresolved external symbol "public: virtual unsigned __int64 __cdecl CryptoPP::BufferedTransformation::Peek(unsigned char *,unsigned __int64)const " (?Peek@BufferedTransformation@CryptoPP@@UEBA_KPEAE_K@Z)
Base64Wrapper.obj : error LNK2001: unresolved external symbol "public: virtual unsigned __int64 __cdecl CryptoPP::BufferedTransformation::Peek(unsigned char *,unsigned __int64)const " (?Peek@BufferedTransformation@CryptoPP@@UEBA_KPEAE_K@Z)
RSAWrapper.obj : error LNK2001: unresolved external symbol "public: virtual unsigned __int64 __cdecl CryptoPP::BufferedTransformation::Peek(unsigned char *,unsigned __int64)const " (?Peek@BufferedTransformation@CryptoPP@@UEBA_KPEAE_K@Z)
AESWrapper.obj : error LNK2001: unresolved external symbol "public: virtual unsigned __int64 __cdecl CryptoPP::BufferedTransformation::Skip(unsigned __int64)" (?Skip@BufferedTransformation@CryptoPP@@UEAA_K_K@Z)
Base64Wrapper.obj : error LNK2001: unresolved external symbol "public: virtual unsigned __int64 __cdecl CryptoPP::BufferedTransformation::Skip(unsigned __int64)" (?Skip@BufferedTransformation@CryptoPP@@UEAA_K_K@Z)
RSAWrapper.obj : error LNK2001: unresolved external symbol "public: virtual unsigned __int64 __cdecl CryptoPP::BufferedTransformation::Skip(unsigned __int64)" (?Skip@BufferedTransformation@CryptoPP@@UEAA_K_K@Z)
AESWrapper.obj : error LNK2001: unresolved external symbol "public: virtual unsigned __int64 __cdecl CryptoPP::BufferedTransformation::TotalBytesRetrievable(void)const " (?TotalBytesRetrievable@BufferedTransformation@CryptoPP@@UEBA_KXZ)
Base64Wrapper.obj : error LNK2001: unresolved external symbol "public: virtual unsigned __int64 __cdecl CryptoPP::BufferedTransformation::TotalBytesRetrievable(void)const " (?TotalBytesRetrievable@BufferedTransformation@CryptoPP@@UEBA_KXZ)
RSAWrapper.obj : error LNK2001: unresolved external symbol "public: virtual unsigned __int64 __cdecl CryptoPP::BufferedTransformation::TotalBytesRetrievable(void)const " (?TotalBytesRetrievable@BufferedTransformation@CryptoPP@@UEBA_KXZ)
AESWrapper.obj : error LNK2001: unresolved external symbol "public: virtual unsigned int __cdecl CryptoPP::BufferedTransformation::NumberOfMessages(void)const " (?NumberOfMessages@BufferedTransformation@CryptoPP@@UEBAIXZ)
Base64Wrapper.obj : error LNK2001: unresolved external symbol "public: virtual unsigned int __cdecl CryptoPP::BufferedTransformation::NumberOfMessages(void)const " (?NumberOfMessages@BufferedTransformation@CryptoPP@@UEBAIXZ)
RSAWrapper.obj : error LNK2001: unresolved external symbol "public: virtual unsigned int __cdecl CryptoPP::BufferedTransformation::NumberOfMessages(void)const " (?NumberOfMessages@BufferedTransformation@CryptoPP@@UEBAIXZ)
AESWrapper.obj : error LNK2001: unresolved external symbol "public: virtual bool __cdecl CryptoPP::BufferedTransformation::AnyMessages(void)const " (?AnyMessages@BufferedTransformation@CryptoPP@@UEBA_NXZ)
Base64Wrapper.obj : error LNK2001: unresolved external symbol "public: virtual bool __cdecl CryptoPP::BufferedTransformation::AnyMessages(void)const " (?AnyMessages@BufferedTransformation@CryptoPP@@UEBA_NXZ)
RSAWrapper.obj : error LNK2001: unresolved external symbol "public: virtual bool __cdecl CryptoPP::BufferedTransformation::AnyMessages(void)const " (?AnyMessages@BufferedTransformation@CryptoPP@@UEBA_NXZ)
AESWrapper.obj : error LNK2001: unresolved external symbol "public: virtual bool __cdecl CryptoPP::BufferedTransformation::GetNextMessage(void)" (?GetNextMessage@BufferedTransformation@CryptoPP@@UEAA_NXZ)
Base64Wrapper.obj : error LNK2001: unresolved external symbol "public: virtual bool __cdecl CryptoPP::BufferedTransformation::GetNextMessage(void)" (?GetNextMessage@BufferedTransformation@CryptoPP@@UEAA_NXZ)
RSAWrapper.obj : error LNK2001: unresolved external symbol "public: virtual bool __cdecl CryptoPP::BufferedTransformation::GetNextMessage(void)" (?GetNextMessage@BufferedTransformation@CryptoPP@@UEAA_NXZ)
AESWrapper.obj : error LNK2001: unresolved external symbol "public: virtual unsigned int __cdecl CryptoPP::BufferedTransformation::SkipMessages(unsigned int)" (?SkipMessages@BufferedTransformation@CryptoPP@@UEAAII@Z)
Base64Wrapper.obj : error LNK2001: unresolved external symbol "public: virtual unsigned int __cdecl CryptoPP::BufferedTransformation::SkipMessages(unsigned int)" (?SkipMessages@BufferedTransformation@CryptoPP@@UEAAII@Z)
RSAWrapper.obj : error LNK2001: unresolved external symbol "public: virtual unsigned int __cdecl CryptoPP::BufferedTransformation::SkipMessages(unsigned int)" (?SkipMessages@BufferedTransformation@CryptoPP@@UEAAII@Z)
AESWrapper.obj : error LNK2001: unresolved external symbol "public: virtual void __cdecl CryptoPP::BufferedTransformation::SkipAll(void)" (?SkipAll@BufferedTransformation@CryptoPP@@UEAAXXZ)
Base64Wrapper.obj : error LNK2001: unresolved external symbol "public: virtual void __cdecl CryptoPP::BufferedTransformation::SkipAll(void)" (?SkipAll@BufferedTransformation@CryptoPP@@UEAAXXZ)
RSAWrapper.obj : error LNK2001: unresolved external symbol "public: virtual void __cdecl CryptoPP::BufferedTransformation::SkipAll(void)" (?SkipAll@BufferedTransformation@CryptoPP@@UEAAXXZ)
AESWrapper.obj : error LNK2001: unresolved external symbol "public: virtual unsigned char * __cdecl CryptoPP::BufferedTransformation::ChannelCreatePutSpace(class std::basic_string<char,struct std::char_traits<char>,class std::allocator<char> > const &,unsigned __int64 &)" (?ChannelCreatePutSpace@BufferedTransformation@CryptoPP@@UEAAPEAEAEBV?$basic_string@DU?$char_traits@D@std@@V?$allocator@D@2@@std@@AEA_K@Z)
Base64Wrapper.obj : error LNK2001: unresolved external symbol "public: virtual unsigned char * __cdecl CryptoPP::BufferedTransformation::ChannelCreatePutSpace(class std::basic_string<char,struct std::char_traits<char>,class std::allocator<char> > const &,unsigned __int64 &)" (?ChannelCreatePutSpace@BufferedTransformation@CryptoPP@@UEAAPEAEAEBV?$basic_string@DU?$char_traits@D@std@@V?$allocator@D@2@@std@@AEA_K@Z)
RSAWrapper.obj : error LNK2001: unresolved external symbol "public: virtual unsigned char * __cdecl CryptoPP::BufferedTransformation::ChannelCreatePutSpace(class std::basic_string<char,struct std::char_traits<char>,class std::allocator<char> > const &,unsigned __int64 &)" (?ChannelCreatePutSpace@BufferedTransformation@CryptoPP@@UEAAPEAEAEBV?$basic_string@DU?$char_traits@D@std@@V?$allocator@D@2@@std@@AEA_K@Z)
AESWrapper.obj : error LNK2001: unresolved external symbol "public: virtual unsigned __int64 __cdecl CryptoPP::BufferedTransformation::ChannelPut2(class std::basic_string<char,struct std::char_traits<char>,class std::allocator<char> > const &,unsigned char const *,unsigned __int64,int,bool)" (?ChannelPut2@BufferedTransformation@CryptoPP@@UEAA_KAEBV?$basic_string@DU?$char_traits@D@std@@V?$allocator@D@2@@std@@PEBE_KH_N@Z)
Base64Wrapper.obj : error LNK2001: unresolved external symbol "public: virtual unsigned __int64 __cdecl CryptoPP::BufferedTransformation::ChannelPut2(class std::basic_string<char,struct std::char_traits<char>,class std::allocator<char> > const &,unsigned char const *,unsigned __int64,int,bool)" (?ChannelPut2@BufferedTransformation@CryptoPP@@UEAA_KAEBV?$basic_string@DU?$char_traits@D@std@@V?$allocator@D@2@@std@@PEBE_KH_N@Z)
RSAWrapper.obj : error LNK2001: unresolved external symbol "public: virtual unsigned __int64 __cdecl CryptoPP::BufferedTransformation::ChannelPut2(class std::basic_string<char,struct std::char_traits<char>,class std::allocator<char> > const &,unsigned char const *,unsigned __int64,int,bool)" (?ChannelPut2@BufferedTransformation@CryptoPP@@UEAA_KAEBV?$basic_string@DU?$char_traits@D@std@@V?$allocator@D@2@@std@@PEBE_KH_N@Z)
AESWrapper.obj : error LNK2001: unresolved external symbol "public: virtual unsigned __int64 __cdecl CryptoPP::BufferedTransformation::ChannelPutModifiable2(class std::basic_string<char,struct std::char_traits<char>,class std::allocator<char> > const &,unsigned char *,unsigned __int64,int,bool)" (?ChannelPutModifiable2@BufferedTransformation@CryptoPP@@UEAA_KAEBV?$basic_string@DU?$char_traits@D@std@@V?$allocator@D@2@@std@@PEAE_KH_N@Z)
Base64Wrapper.obj : error LNK2001: unresolved external symbol "public: virtual unsigned __int64 __cdecl CryptoPP::BufferedTransformation::ChannelPutModifiable2(class std::basic_string<char,struct std::char_traits<char>,class std::allocator<char> > const &,unsigned char *,unsigned __int64,int,bool)" (?ChannelPutModifiable2@BufferedTransformation@CryptoPP@@UEAA_KAEBV?$basic_string@DU?$char_traits@D@std@@V?$allocator@D@2@@std@@PEAE_KH_N@Z)
RSAWrapper.obj : error LNK2001: unresolved external symbol "public: virtual unsigned __int64 __cdecl CryptoPP::BufferedTransformation::ChannelPutModifiable2(class std::basic_string<char,struct std::char_traits<char>,class std::allocator<char> > const &,unsigned char *,unsigned __int64,int,bool)" (?ChannelPutModifiable2@BufferedTransformation@CryptoPP@@UEAA_KAEBV?$basic_string@DU?$char_traits@D@std@@V?$allocator@D@2@@std@@PEAE_KH_N@Z)
AESWrapper.obj : error LNK2001: unresolved external symbol "public: virtual bool __cdecl CryptoPP::BufferedTransformation::ChannelFlush(class std::basic_string<char,struct std::char_traits<char>,class std::allocator<char> > const &,bool,int,bool)" (?ChannelFlush@BufferedTransformation@CryptoPP@@UEAA_NAEBV?$basic_string@DU?$char_traits@D@std@@V?$allocator@D@2@@std@@_NH1@Z)
Base64Wrapper.obj : error LNK2001: unresolved external symbol "public: virtual bool __cdecl CryptoPP::BufferedTransformation::ChannelFlush(class std::basic_string<char,struct std::char_traits<char>,class std::allocator<char> > const &,bool,int,bool)" (?ChannelFlush@BufferedTransformation@CryptoPP@@UEAA_NAEBV?$basic_string@DU?$char_traits@D@std@@V?$allocator@D@2@@std@@_NH1@Z)
RSAWrapper.obj : error LNK2001: unresolved external symbol "public: virtual bool __cdecl CryptoPP::BufferedTransformation::ChannelFlush(class std::basic_string<char,struct std::char_traits<char>,class std::allocator<char> > const &,bool,int,bool)" (?ChannelFlush@BufferedTransformation@CryptoPP@@UEAA_NAEBV?$basic_string@DU?$char_traits@D@std@@V?$allocator@D@2@@std@@_NH1@Z)
AESWrapper.obj : error LNK2001: unresolved external symbol "public: virtual bool __cdecl CryptoPP::BufferedTransformation::ChannelMessageSeriesEnd(class std::basic_string<char,struct std::char_traits<char>,class std::allocator<char> > const &,int,bool)" (?ChannelMessageSeriesEnd@BufferedTransformation@CryptoPP@@UEAA_NAEBV?$basic_string@DU?$char_traits@D@std@@V?$allocator@D@2@@std@@H_N@Z)
Base64Wrapper.obj : error LNK2001: unresolved external symbol "public: virtual bool __cdecl CryptoPP::BufferedTransformation::ChannelMessageSeriesEnd(class std::basic_string<char,struct std::char_traits<char>,class std::allocator<char> > const &,int,bool)" (?ChannelMessageSeriesEnd@BufferedTransformation@CryptoPP@@UEAA_NAEBV?$basic_string@DU?$char_traits@D@std@@V?$allocator@D@2@@std@@H_N@Z)
RSAWrapper.obj : error LNK2001: unresolved external symbol "public: virtual bool __cdecl CryptoPP::BufferedTransformation::ChannelMessageSeriesEnd(class std::basic_string<char,struct std::char_traits<char>,class std::allocator<char> > const &,int,bool)" (?ChannelMessageSeriesEnd@BufferedTransformation@CryptoPP@@UEAA_NAEBV?$basic_string@DU?$char_traits@D@std@@V?$allocator@D@2@@std@@H_N@Z)
AESWrapper.obj : error LNK2001: unresolved external symbol "public: virtual void __cdecl CryptoPP::BufferedTransformation::SetRetrievalChannel(class std::basic_string<char,struct std::char_traits<char>,class std::allocator<char> > const &)" (?SetRetrievalChannel@BufferedTransformation@CryptoPP@@UEAAXAEBV?$basic_string@DU?$char_traits@D@std@@V?$allocator@D@2@@std@@@Z)
Base64Wrapper.obj : error LNK2001: unresolved external symbol "public: virtual void __cdecl CryptoPP::BufferedTransformation::SetRetrievalChannel(class std::basic_string<char,struct std::char_traits<char>,class std::allocator<char> > const &)" (?SetRetrievalChannel@BufferedTransformation@CryptoPP@@UEAAXAEBV?$basic_string@DU?$char_traits@D@std@@V?$allocator@D@2@@std@@@Z)
RSAWrapper.obj : error LNK2001: unresolved external symbol "public: virtual void __cdecl CryptoPP::BufferedTransformation::SetRetrievalChannel(class std::basic_string<char,struct std::char_traits<char>,class std::allocator<char> > const &)" (?SetRetrievalChannel@BufferedTransformation@CryptoPP@@UEAAXAEBV?$basic_string@DU?$char_traits@D@std@@V?$allocator@D@2@@std@@@Z)
AESWrapper.obj : error LNK2001: unresolved external symbol "public: virtual void __cdecl CryptoPP::BufferedTransformation::Attach(class CryptoPP::BufferedTransformation *)" (?Attach@BufferedTransformation@CryptoPP@@UEAAXPEAV12@@Z)
Base64Wrapper.obj : error LNK2001: unresolved external symbol "public: virtual void __cdecl CryptoPP::BufferedTransformation::Attach(class CryptoPP::BufferedTransformation *)" (?Attach@BufferedTransformation@CryptoPP@@UEAAXPEAV12@@Z)
RSAWrapper.obj : error LNK2001: unresolved external symbol "public: virtual void __cdecl CryptoPP::BufferedTransformation::Attach(class CryptoPP::BufferedTransformation *)" (?Attach@BufferedTransformation@CryptoPP@@UEAAXPEAV12@@Z)
AESWrapper.obj : error LNK2019: unresolved external symbol "void * __cdecl CryptoPP::AlignedAllocate(unsigned __int64)" (?AlignedAllocate@CryptoPP@@YAPEAX_K@Z) referenced in function "public: unsigned char * __cdecl CryptoPP::AllocatorWithCleanup<unsigned char,0>::allocate(unsigned __int64,void const *)" (?allocate@?$AllocatorWithCleanup@E$0A@@CryptoPP@@QEAAPEAE_KPEBX@Z)
Base64Wrapper.obj : error LNK2001: unresolved external symbol "void * __cdecl CryptoPP::AlignedAllocate(unsigned __int64)" (?AlignedAllocate@CryptoPP@@YAPEAX_K@Z)
RSAWrapper.obj : error LNK2001: unresolved external symbol "void * __cdecl CryptoPP::AlignedAllocate(unsigned __int64)" (?AlignedAllocate@CryptoPP@@YAPEAX_K@Z)
AESWrapper.obj : error LNK2019: unresolved external symbol "void __cdecl CryptoPP::AlignedDeallocate(void *)" (?AlignedDeallocate@CryptoPP@@YAXPEAX@Z) referenced in function "public: void __cdecl CryptoPP::AllocatorWithCleanup<unsigned char,0>::deallocate(void *,unsigned __int64)" (?deallocate@?$AllocatorWithCleanup@E$0A@@CryptoPP@@QEAAXPEAX_K@Z)
Base64Wrapper.obj : error LNK2001: unresolved external symbol "void __cdecl CryptoPP::AlignedDeallocate(void *)" (?AlignedDeallocate@CryptoPP@@YAXPEAX@Z)
RSAWrapper.obj : error LNK2001: unresolved external symbol "void __cdecl CryptoPP::AlignedDeallocate(void *)" (?AlignedDeallocate@CryptoPP@@YAXPEAX@Z)
AESWrapper.obj : error LNK2019: unresolved external symbol "void * __cdecl CryptoPP::UnalignedAllocate(unsigned __int64)" (?UnalignedAllocate@CryptoPP@@YAPEAX_K@Z) referenced in function "public: unsigned char * __cdecl CryptoPP::AllocatorWithCleanup<unsigned char,0>::allocate(unsigned __int64,void const *)" (?allocate@?$AllocatorWithCleanup@E$0A@@CryptoPP@@QEAAPEAE_KPEBX@Z)
Base64Wrapper.obj : error LNK2001: unresolved external symbol "void * __cdecl CryptoPP::UnalignedAllocate(unsigned __int64)" (?UnalignedAllocate@CryptoPP@@YAPEAX_K@Z)
RSAWrapper.obj : error LNK2001: unresolved external symbol "void * __cdecl CryptoPP::UnalignedAllocate(unsigned __int64)" (?UnalignedAllocate@CryptoPP@@YAPEAX_K@Z)
AESWrapper.obj : error LNK2019: unresolved external symbol "void __cdecl CryptoPP::UnalignedDeallocate(void *)" (?UnalignedDeallocate@CryptoPP@@YAXPEAX@Z) referenced in function "public: void __cdecl CryptoPP::AllocatorWithCleanup<unsigned char,0>::deallocate(void *,unsigned __int64)" (?deallocate@?$AllocatorWithCleanup@E$0A@@CryptoPP@@QEAAXPEAX_K@Z)
Base64Wrapper.obj : error LNK2001: unresolved external symbol "void __cdecl CryptoPP::UnalignedDeallocate(void *)" (?UnalignedDeallocate@CryptoPP@@YAXPEAX@Z)
RSAWrapper.obj : error LNK2001: unresolved external symbol "void __cdecl CryptoPP::UnalignedDeallocate(void *)" (?UnalignedDeallocate@CryptoPP@@YAXPEAX@Z)
AESWrapper.obj : error LNK2001: unresolved external symbol "public: virtual void __cdecl CryptoPP::BlockOrientedCipherModeBase::UncheckedSetKey(unsigned char const *,unsigned int,class CryptoPP::NameValuePairs const &)" (?UncheckedSetKey@BlockOrientedCipherModeBase@CryptoPP@@UEAAXPEBEIAEBVNameValuePairs@2@@Z)
AESWrapper.obj : error LNK2001: unresolved external symbol "protected: virtual void __cdecl CryptoPP::BlockOrientedCipherModeBase::ResizeBuffers(void)" (?ResizeBuffers@BlockOrientedCipherModeBase@CryptoPP@@MEAAXXZ)
AESWrapper.obj : error LNK2001: unresolved external symbol "public: virtual void __cdecl CryptoPP::CBC_Encryption::ProcessData(unsigned char *,unsigned char const *,unsigned __int64)" (?ProcessData@CBC_Encryption@CryptoPP@@UEAAXPEAEPEBE_K@Z)
AESWrapper.obj : error LNK2001: unresolved external symbol "public: virtual void __cdecl CryptoPP::CBC_Decryption::ProcessData(unsigned char *,unsigned char const *,unsigned __int64)" (?ProcessData@CBC_Decryption@CryptoPP@@UEAAXPEAEPEBE_K@Z)
AESWrapper.obj : error LNK2001: unresolved external symbol "protected: virtual void __cdecl CryptoPP::CBC_Decryption::ResizeBuffers(void)" (?ResizeBuffers@CBC_Decryption@CryptoPP@@MEAAXXZ)
AESWrapper.obj : error LNK2001: unresolved external symbol "public: virtual void __cdecl CryptoPP::Rijndael::Base::UncheckedSetKey(unsigned char const *,unsigned int,class CryptoPP::NameValuePairs const &)" (?UncheckedSetKey@Base@Rijndael@CryptoPP@@UEAAXPEBEIAEBVNameValuePairs@3@@Z)
AESWrapper.obj : error LNK2001: unresolved external symbol "public: virtual class std::basic_string<char,struct std::char_traits<char>,class std::allocator<char> > __cdecl CryptoPP::Rijndael::Base::AlgorithmProvider(void)const " (?AlgorithmProvider@Base@Rijndael@CryptoPP@@UEBA?AV?$basic_string@DU?$char_traits@D@std@@V?$allocator@D@2@@std@@XZ)
AESWrapper.obj : error LNK2001: unresolved external symbol "public: virtual unsigned int __cdecl CryptoPP::Rijndael::Base::OptimalDataAlignment(void)const " (?OptimalDataAlignment@Base@Rijndael@CryptoPP@@UEBAIXZ)
AESWrapper.obj : error LNK2001: unresolved external symbol "public: virtual void __cdecl CryptoPP::Rijndael::Enc::ProcessAndXorBlock(unsigned char const *,unsigned char const *,unsigned char *)const " (?ProcessAndXorBlock@Enc@Rijndael@CryptoPP@@UEBAXPEBE0PEAE@Z)
AESWrapper.obj : error LNK2001: unresolved external symbol "public: virtual unsigned __int64 __cdecl CryptoPP::Rijndael::Enc::AdvancedProcessBlocks(unsigned char const *,unsigned char const *,unsigned char *,unsigned __int64,unsigned int)const " (?AdvancedProcessBlocks@Enc@Rijndael@CryptoPP@@UEBA_KPEBE0PEAE_KI@Z)
AESWrapper.obj : error LNK2001: unresolved external symbol "public: virtual void __cdecl CryptoPP::Rijndael::Dec::ProcessAndXorBlock(unsigned char const *,unsigned char const *,unsigned char *)const " (?ProcessAndXorBlock@Dec@Rijndael@CryptoPP@@UEBAXPEBE0PEAE@Z)
AESWrapper.obj : error LNK2001: unresolved external symbol "public: virtual unsigned __int64 __cdecl CryptoPP::Rijndael::Dec::AdvancedProcessBlocks(unsigned char const *,unsigned char const *,unsigned char *,unsigned __int64,unsigned int)const " (?AdvancedProcessBlocks@Dec@Rijndael@CryptoPP@@UEBA_KPEBE0PEAE_KI@Z)
AESWrapper.obj : error LNK2001: unresolved external symbol "public: virtual class CryptoPP::BufferedTransformation * __cdecl CryptoPP::Filter::AttachedTransformation(void)" (?AttachedTransformation@Filter@CryptoPP@@UEAAPEAVBufferedTransformation@2@XZ)
Base64Wrapper.obj : error LNK2001: unresolved external symbol "public: virtual class CryptoPP::BufferedTransformation * __cdecl CryptoPP::Filter::AttachedTransformation(void)" (?AttachedTransformation@Filter@CryptoPP@@UEAAPEAVBufferedTransformation@2@XZ)
RSAWrapper.obj : error LNK2001: unresolved external symbol "public: virtual class CryptoPP::BufferedTransformation * __cdecl CryptoPP::Filter::AttachedTransformation(void)" (?AttachedTransformation@Filter@CryptoPP@@UEAAPEAVBufferedTransformation@2@XZ)
AESWrapper.obj : error LNK2001: unresolved external symbol "public: virtual class CryptoPP::BufferedTransformation const * __cdecl CryptoPP::Filter::AttachedTransformation(void)const " (?AttachedTransformation@Filter@CryptoPP@@UEBAPEBVBufferedTransformation@2@XZ)
Base64Wrapper.obj : error LNK2001: unresolved external symbol "public: virtual class CryptoPP::BufferedTransformation const * __cdecl CryptoPP::Filter::AttachedTransformation(void)const " (?AttachedTransformation@Filter@CryptoPP@@UEBAPEBVBufferedTransformation@2@XZ)
RSAWrapper.obj : error LNK2001: unresolved external symbol "public: virtual class CryptoPP::BufferedTransformation const * __cdecl CryptoPP::Filter::AttachedTransformation(void)const " (?AttachedTransformation@Filter@CryptoPP@@UEBAPEBVBufferedTransformation@2@XZ)
AESWrapper.obj : error LNK2001: unresolved external symbol "public: virtual void __cdecl CryptoPP::Filter::Detach(class CryptoPP::BufferedTransformation *)" (?Detach@Filter@CryptoPP@@UEAAXPEAVBufferedTransformation@2@@Z)
Base64Wrapper.obj : error LNK2001: unresolved external symbol "public: virtual void __cdecl CryptoPP::Filter::Detach(class CryptoPP::BufferedTransformation *)" (?Detach@Filter@CryptoPP@@UEAAXPEAVBufferedTransformation@2@@Z)
RSAWrapper.obj : error LNK2001: unresolved external symbol "public: virtual void __cdecl CryptoPP::Filter::Detach(class CryptoPP::BufferedTransformation *)" (?Detach@Filter@CryptoPP@@UEAAXPEAVBufferedTransformation@2@@Z)
AESWrapper.obj : error LNK2001: unresolved external symbol "public: virtual unsigned __int64 __cdecl CryptoPP::Filter::TransferTo2(class CryptoPP::BufferedTransformation &,unsigned __int64 &,class std::basic_string<char,struct std::char_traits<char>,class std::allocator<char> > const &,bool)" (?TransferTo2@Filter@CryptoPP@@UEAA_KAEAVBufferedTransformation@2@AEA_KAEBV?$basic_string@DU?$char_traits@D@std@@V?$allocator@D@2@@std@@_N@Z)
Base64Wrapper.obj : error LNK2001: unresolved external symbol "public: virtual unsigned __int64 __cdecl CryptoPP::Filter::TransferTo2(class CryptoPP::BufferedTransformation &,unsigned __int64 &,class std::basic_string<char,struct std::char_traits<char>,class std::allocator<char> > const &,bool)" (?TransferTo2@Filter@CryptoPP@@UEAA_KAEAVBufferedTransformation@2@AEA_KAEBV?$basic_string@DU?$char_traits@D@std@@V?$allocator@D@2@@std@@_N@Z)
RSAWrapper.obj : error LNK2001: unresolved external symbol "public: virtual unsigned __int64 __cdecl CryptoPP::Filter::TransferTo2(class CryptoPP::BufferedTransformation &,unsigned __int64 &,class std::basic_string<char,struct std::char_traits<char>,class std::allocator<char> > const &,bool)" (?TransferTo2@Filter@CryptoPP@@UEAA_KAEAVBufferedTransformation@2@AEA_KAEBV?$basic_string@DU?$char_traits@D@std@@V?$allocator@D@2@@std@@_N@Z)
AESWrapper.obj : error LNK2001: unresolved external symbol "public: virtual unsigned __int64 __cdecl CryptoPP::Filter::CopyRangeTo2(class CryptoPP::BufferedTransformation &,unsigned __int64 &,unsigned __int64,class std::basic_string<char,struct std::char_traits<char>,class std::allocator<char> > const &,bool)const " (?CopyRangeTo2@Filter@CryptoPP@@UEBA_KAEAVBufferedTransformation@2@AEA_K_KAEBV?$basic_string@DU?$char_traits@D@std@@V?$allocator@D@2@@std@@_N@Z)
Base64Wrapper.obj : error LNK2001: unresolved external symbol "public: virtual unsigned __int64 __cdecl CryptoPP::Filter::CopyRangeTo2(class CryptoPP::BufferedTransformation &,unsigned __int64 &,unsigned __int64,class std::basic_string<char,struct std::char_traits<char>,class std::allocator<char> > const &,bool)const " (?CopyRangeTo2@Filter@CryptoPP@@UEBA_KAEAVBufferedTransformation@2@AEA_K_KAEBV?$basic_string@DU?$char_traits@D@std@@V?$allocator@D@2@@std@@_N@Z)
RSAWrapper.obj : error LNK2001: unresolved external symbol "public: virtual unsigned __int64 __cdecl CryptoPP::Filter::CopyRangeTo2(class CryptoPP::BufferedTransformation &,unsigned __int64 &,unsigned __int64,class std::basic_string<char,struct std::char_traits<char>,class std::allocator<char> > const &,bool)const " (?CopyRangeTo2@Filter@CryptoPP@@UEBA_KAEAVBufferedTransformation@2@AEA_K_KAEBV?$basic_string@DU?$char_traits@D@std@@V?$allocator@D@2@@std@@_N@Z)
AESWrapper.obj : error LNK2001: unresolved external symbol "public: virtual void __cdecl CryptoPP::Filter::Initialize(class CryptoPP::NameValuePairs const &,int)" (?Initialize@Filter@CryptoPP@@UEAAXAEBVNameValuePairs@2@H@Z)
Base64Wrapper.obj : error LNK2001: unresolved external symbol "public: virtual void __cdecl CryptoPP::Filter::Initialize(class CryptoPP::NameValuePairs const &,int)" (?Initialize@Filter@CryptoPP@@UEAAXAEBVNameValuePairs@2@H@Z)
RSAWrapper.obj : error LNK2001: unresolved external symbol "public: virtual void __cdecl CryptoPP::Filter::Initialize(class CryptoPP::NameValuePairs const &,int)" (?Initialize@Filter@CryptoPP@@UEAAXAEBVNameValuePairs@2@H@Z)
AESWrapper.obj : error LNK2001: unresolved external symbol "public: virtual bool __cdecl CryptoPP::Filter::Flush(bool,int,bool)" (?Flush@Filter@CryptoPP@@UEAA_N_NH0@Z)
Base64Wrapper.obj : error LNK2001: unresolved external symbol "public: virtual bool __cdecl CryptoPP::Filter::Flush(bool,int,bool)" (?Flush@Filter@CryptoPP@@UEAA_N_NH0@Z)
RSAWrapper.obj : error LNK2001: unresolved external symbol "public: virtual bool __cdecl CryptoPP::Filter::Flush(bool,int,bool)" (?Flush@Filter@CryptoPP@@UEAA_N_NH0@Z)
AESWrapper.obj : error LNK2001: unresolved external symbol "public: virtual bool __cdecl CryptoPP::Filter::MessageSeriesEnd(int,bool)" (?MessageSeriesEnd@Filter@CryptoPP@@UEAA_NH_N@Z)
Base64Wrapper.obj : error LNK2001: unresolved external symbol "public: virtual bool __cdecl CryptoPP::Filter::MessageSeriesEnd(int,bool)" (?MessageSeriesEnd@Filter@CryptoPP@@UEAA_NH_N@Z)
RSAWrapper.obj : error LNK2001: unresolved external symbol "public: virtual bool __cdecl CryptoPP::Filter::MessageSeriesEnd(int,bool)" (?MessageSeriesEnd@Filter@CryptoPP@@UEAA_NH_N@Z)
AESWrapper.obj : error LNK2001: unresolved external symbol "protected: virtual class CryptoPP::BufferedTransformation * __cdecl CryptoPP::Filter::NewDefaultAttachment(void)const " (?NewDefaultAttachment@Filter@CryptoPP@@MEBAPEAVBufferedTransformation@2@XZ)
Base64Wrapper.obj : error LNK2001: unresolved external symbol "protected: virtual class CryptoPP::BufferedTransformation * __cdecl CryptoPP::Filter::NewDefaultAttachment(void)const " (?NewDefaultAttachment@Filter@CryptoPP@@MEBAPEAVBufferedTransformation@2@XZ)
RSAWrapper.obj : error LNK2001: unresolved external symbol "protected: virtual class CryptoPP::BufferedTransformation * __cdecl CryptoPP::Filter::NewDefaultAttachment(void)const " (?NewDefaultAttachment@Filter@CryptoPP@@MEBAPEAVBufferedTransformation@2@XZ)
AESWrapper.obj : error LNK2001: unresolved external symbol "public: virtual void __cdecl CryptoPP::FilterWithBufferedInput::IsolatedInitialize(class CryptoPP::NameValuePairs const &)" (?IsolatedInitialize@FilterWithBufferedInput@CryptoPP@@UEAAXAEBVNameValuePairs@2@@Z)
Base64Wrapper.obj : error LNK2001: unresolved external symbol "public: virtual void __cdecl CryptoPP::FilterWithBufferedInput::IsolatedInitialize(class CryptoPP::NameValuePairs const &)" (?IsolatedInitialize@FilterWithBufferedInput@CryptoPP@@UEAAXAEBVNameValuePairs@2@@Z)
RSAWrapper.obj : error LNK2001: unresolved external symbol "public: virtual void __cdecl CryptoPP::FilterWithBufferedInput::IsolatedInitialize(class CryptoPP::NameValuePairs const &)" (?IsolatedInitialize@FilterWithBufferedInput@CryptoPP@@UEAAXAEBVNameValuePairs@2@@Z)
AESWrapper.obj : error LNK2001: unresolved external symbol "public: virtual bool __cdecl CryptoPP::FilterWithBufferedInput::IsolatedFlush(bool,bool)" (?IsolatedFlush@FilterWithBufferedInput@CryptoPP@@UEAA_N_N0@Z)
Base64Wrapper.obj : error LNK2001: unresolved external symbol "public: virtual bool __cdecl CryptoPP::FilterWithBufferedInput::IsolatedFlush(bool,bool)" (?IsolatedFlush@FilterWithBufferedInput@CryptoPP@@UEAA_N_N0@Z)
RSAWrapper.obj : error LNK2001: unresolved external symbol "public: virtual bool __cdecl CryptoPP::FilterWithBufferedInput::IsolatedFlush(bool,bool)" (?IsolatedFlush@FilterWithBufferedInput@CryptoPP@@UEAA_N_N0@Z)
AESWrapper.obj : error LNK2001: unresolved external symbol "protected: virtual void __cdecl CryptoPP::FilterWithBufferedInput::NextPutMultiple(unsigned char const *,unsigned __int64)" (?NextPutMultiple@FilterWithBufferedInput@CryptoPP@@MEAAXPEBE_K@Z)
Base64Wrapper.obj : error LNK2001: unresolved external symbol "protected: virtual void __cdecl CryptoPP::FilterWithBufferedInput::NextPutMultiple(unsigned char const *,unsigned __int64)" (?NextPutMultiple@FilterWithBufferedInput@CryptoPP@@MEAAXPEBE_K@Z)
RSAWrapper.obj : error LNK2001: unresolved external symbol "protected: virtual void __cdecl CryptoPP::FilterWithBufferedInput::NextPutMultiple(unsigned char const *,unsigned __int64)" (?NextPutMultiple@FilterWithBufferedInput@CryptoPP@@MEAAXPEBE_K@Z)
AESWrapper.obj : error LNK2019: unresolved external symbol "protected: unsigned __int64 __cdecl CryptoPP::FilterWithBufferedInput::PutMaybeModifiable(unsigned char *,unsigned __int64,int,bool,bool)" (?PutMaybeModifiable@FilterWithBufferedInput@CryptoPP@@IEAA_KPEAE_KH_N2@Z) referenced in function "public: virtual unsigned __int64 __cdecl CryptoPP::FilterWithBufferedInput::Put2(unsigned char const *,unsigned __int64,int,bool)" (?Put2@FilterWithBufferedInput@CryptoPP@@UEAA_KPEBE_KH_N@Z)
Base64Wrapper.obj : error LNK2001: unresolved external symbol "protected: unsigned __int64 __cdecl CryptoPP::FilterWithBufferedInput::PutMaybeModifiable(unsigned char *,unsigned __int64,int,bool,bool)" (?PutMaybeModifiable@FilterWithBufferedInput@CryptoPP@@IEAA_KPEAE_KH_N2@Z)
RSAWrapper.obj : error LNK2001: unresolved external symbol "protected: unsigned __int64 __cdecl CryptoPP::FilterWithBufferedInput::PutMaybeModifiable(unsigned char *,unsigned __int64,int,bool,bool)" (?PutMaybeModifiable@FilterWithBufferedInput@CryptoPP@@IEAA_KPEAE_KH_N2@Z)
AESWrapper.obj : error LNK2019: unresolved external symbol "public: __cdecl CryptoPP::StreamTransformationFilter::StreamTransformationFilter(class CryptoPP::StreamTransformation &,class CryptoPP::BufferedTransformation *,enum CryptoPP::BlockPaddingSchemeDef::BlockPaddingScheme)" (??0StreamTransformationFilter@CryptoPP@@QEAA@AEAVStreamTransformation@1@PEAVBufferedTransformation@1@W4BlockPaddingScheme@BlockPaddingSchemeDef@1@@Z) referenced in function "public: class std::basic_string<char,struct std::char_traits<char>,class std::allocator<char> > __cdecl AESWrapper::decrypt(char const *,unsigned int)" (?decrypt@AESWrapper@@QEAA?AV?$basic_string@DU?$char_traits@D@std@@V?$allocator@D@2@@std@@PEBDI@Z)
AESWrapper.obj : error LNK2001: unresolved external symbol "protected: virtual void __cdecl CryptoPP::StreamTransformationFilter::InitializeDerivedAndReturnNewSizes(class CryptoPP::NameValuePairs const &,unsigned __int64 &,unsigned __int64 &,unsigned __int64 &)" (?InitializeDerivedAndReturnNewSizes@StreamTransformationFilter@CryptoPP@@MEAAXAEBVNameValuePairs@2@AEA_K11@Z)
AESWrapper.obj : error LNK2001: unresolved external symbol "protected: virtual void __cdecl CryptoPP::StreamTransformationFilter::FirstPut(unsigned char const *)" (?FirstPut@StreamTransformationFilter@CryptoPP@@MEAAXPEBE@Z)
AESWrapper.obj : error LNK2001: unresolved external symbol "protected: virtual void __cdecl CryptoPP::StreamTransformationFilter::NextPutMultiple(unsigned char const *,unsigned __int64)" (?NextPutMultiple@StreamTransformationFilter@CryptoPP@@MEAAXPEBE_K@Z)
AESWrapper.obj : error LNK2001: unresolved external symbol "protected: virtual void __cdecl CryptoPP::StreamTransformationFilter::NextPutModifiable(unsigned char *,unsigned __int64)" (?NextPutModifiable@StreamTransformationFilter@CryptoPP@@MEAAXPEAE_K@Z)
AESWrapper.obj : error LNK2001: unresolved external symbol "protected: virtual void __cdecl CryptoPP::StreamTransformationFilter::LastPut(unsigned char const *,unsigned __int64)" (?LastPut@StreamTransformationFilter@CryptoPP@@MEAAXPEBE_K@Z)
AESWrapper.obj : error LNK2001: unresolved external symbol "class CryptoPP::NameValuePairs const & const CryptoPP::g_nullNameValuePairs" (?g_nullNameValuePairs@CryptoPP@@3AEBVNameValuePairs@1@EB)
RSAWrapper.obj : error LNK2001: unresolved external symbol "class CryptoPP::NameValuePairs const & const CryptoPP::g_nullNameValuePairs" (?g_nullNameValuePairs@CryptoPP@@3AEBVNameValuePairs@1@EB)
Base64Wrapper.obj : error LNK2019: unresolved external symbol "public: unsigned __int64 __cdecl CryptoPP::BufferedTransformation::TransferMessagesTo2(class CryptoPP::BufferedTransformation &,unsigned int &,class std::basic_string<char,struct std::char_traits<char>,class std::allocator<char> > const &,bool)" (?TransferMessagesTo2@BufferedTransformation@CryptoPP@@QEAA_KAEAV12@AEAIAEBV?$basic_string@DU?$char_traits@D@std@@V?$allocator@D@2@@std@@_N@Z) referenced in function "public: virtual unsigned __int64 __cdecl CryptoPP::SourceTemplate<class CryptoPP::StringStore>::PumpMessages2(unsigned int &,bool)" (?PumpMessages2@?$SourceTemplate@VStringStore@CryptoPP@@@CryptoPP@@UEAA_KAEAI_N@Z)
RSAWrapper.obj : error LNK2001: unresolved external symbol "public: unsigned __int64 __cdecl CryptoPP::BufferedTransformation::TransferMessagesTo2(class CryptoPP::BufferedTransformation &,unsigned int &,class std::basic_string<char,struct std::char_traits<char>,class std::allocator<char> > const &,bool)" (?TransferMessagesTo2@BufferedTransformation@CryptoPP@@QEAA_KAEAV12@AEAIAEBV?$basic_string@DU?$char_traits@D@std@@V?$allocator@D@2@@std@@_N@Z)
Base64Wrapper.obj : error LNK2019: unresolved external symbol "public: unsigned __int64 __cdecl CryptoPP::BufferedTransformation::TransferAllTo2(class CryptoPP::BufferedTransformation &,class std::basic_string<char,struct std::char_traits<char>,class std::allocator<char> > const &,bool)" (?TransferAllTo2@BufferedTransformation@CryptoPP@@QEAA_KAEAV12@AEBV?$basic_string@DU?$char_traits@D@std@@V?$allocator@D@2@@std@@_N@Z) referenced in function "public: virtual unsigned __int64 __cdecl CryptoPP::SourceTemplate<class CryptoPP::StringStore>::PumpAll2(bool)" (?PumpAll2@?$SourceTemplate@VStringStore@CryptoPP@@@CryptoPP@@UEAA_K_N@Z)
RSAWrapper.obj : error LNK2001: unresolved external symbol "public: unsigned __int64 __cdecl CryptoPP::BufferedTransformation::TransferAllTo2(class CryptoPP::BufferedTransformation &,class std::basic_string<char,struct std::char_traits<char>,class std::allocator<char> > const &,bool)" (?TransferAllTo2@BufferedTransformation@CryptoPP@@QEAA_KAEAV12@AEBV?$basic_string@DU?$char_traits@D@std@@V?$allocator@D@2@@std@@_N@Z)
Base64Wrapper.obj : error LNK2001: unresolved external symbol "public: virtual bool __cdecl CryptoPP::Store::GetNextMessage(void)" (?GetNextMessage@Store@CryptoPP@@UEAA_NXZ)
RSAWrapper.obj : error LNK2001: unresolved external symbol "public: virtual bool __cdecl CryptoPP::Store::GetNextMessage(void)" (?GetNextMessage@Store@CryptoPP@@UEAA_NXZ)
Base64Wrapper.obj : error LNK2019: unresolved external symbol "bool __cdecl CryptoPP::AssignIntToInteger(class type_info const &,void *,void const *)" (?AssignIntToInteger@CryptoPP@@YA_NAEBVtype_info@@PEAXPEBX@Z) referenced in function "public: virtual void __cdecl CryptoPP::AlgorithmParametersTemplate<int>::AssignValue(char const *,class type_info const &,void *)const " (?AssignValue@?$AlgorithmParametersTemplate@H@CryptoPP@@UEBAXPEBDAEBVtype_info@@PEAX@Z)
RSAWrapper.obj : error LNK2001: unresolved external symbol "bool __cdecl CryptoPP::AssignIntToInteger(class type_info const &,void *,void const *)" (?AssignIntToInteger@CryptoPP@@YA_NAEBVtype_info@@PEAXPEBX@Z)
Base64Wrapper.obj : error LNK2019: unresolved external symbol "public: __cdecl CryptoPP::AlgorithmParameters::AlgorithmParameters(void)" (??0AlgorithmParameters@CryptoPP@@QEAA@XZ) referenced in function "class CryptoPP::AlgorithmParameters __cdecl CryptoPP::MakeParameters<int const *>(char const *,int const * const &,bool)" (??$MakeParameters@PEBH@CryptoPP@@YA?AVAlgorithmParameters@0@PEBDAEBQEBH_N@Z)
RSAWrapper.obj : error LNK2001: unresolved external symbol "public: __cdecl CryptoPP::AlgorithmParameters::AlgorithmParameters(void)" (??0AlgorithmParameters@CryptoPP@@QEAA@XZ)
Base64Wrapper.obj : error LNK2019: unresolved external symbol "public: __cdecl CryptoPP::AlgorithmParameters::AlgorithmParameters(class CryptoPP::AlgorithmParameters const &)" (??0AlgorithmParameters@CryptoPP@@QEAA@AEBV01@@Z) referenced in function "class CryptoPP::AlgorithmParameters __cdecl CryptoPP::MakeParameters<int const *>(char const *,int const * const &,bool)" (??$MakeParameters@PEBH@CryptoPP@@YA?AVAlgorithmParameters@0@PEBDAEBQEBH_N@Z)
RSAWrapper.obj : error LNK2001: unresolved external symbol "public: __cdecl CryptoPP::AlgorithmParameters::AlgorithmParameters(class CryptoPP::AlgorithmParameters const &)" (??0AlgorithmParameters@CryptoPP@@QEAA@AEBV01@@Z)
Base64Wrapper.obj : error LNK2019: unresolved external symbol "public: __cdecl CryptoPP::Filter::Filter(class CryptoPP::BufferedTransformation *)" (??0Filter@CryptoPP@@QEAA@PEAVBufferedTransformation@1@@Z) referenced in function "public: __cdecl CryptoPP::Bufferless<class CryptoPP::Filter>::Bufferless<class CryptoPP::Filter>(void)" (??0?$Bufferless@VFilter@CryptoPP@@@CryptoPP@@QEAA@XZ)
RSAWrapper.obj : error LNK2001: unresolved external symbol "public: __cdecl CryptoPP::Filter::Filter(class CryptoPP::BufferedTransformation *)" (??0Filter@CryptoPP@@QEAA@PEAVBufferedTransformation@1@@Z)
Base64Wrapper.obj : error LNK2019: unresolved external symbol "public: __cdecl CryptoPP::ProxyFilter::ProxyFilter(class CryptoPP::BufferedTransformation *,unsigned __int64,unsigned __int64,class CryptoPP::BufferedTransformation *)" (??0ProxyFilter@CryptoPP@@QEAA@PEAVBufferedTransformation@1@_K10@Z) referenced in function "public: __cdecl CryptoPP::SimpleProxyFilter::SimpleProxyFilter(class CryptoPP::BufferedTransformation *,class CryptoPP::BufferedTransformation *)" (??0SimpleProxyFilter@CryptoPP@@QEAA@PEAVBufferedTransformation@1@0@Z)
RSAWrapper.obj : error LNK2001: unresolved external symbol "public: __cdecl CryptoPP::ProxyFilter::ProxyFilter(class CryptoPP::BufferedTransformation *,unsigned __int64,unsigned __int64,class CryptoPP::BufferedTransformation *)" (??0ProxyFilter@CryptoPP@@QEAA@PEAVBufferedTransformation@1@_K10@Z)
Base64Wrapper.obj : error LNK2001: unresolved external symbol "public: virtual bool __cdecl CryptoPP::ProxyFilter::IsolatedFlush(bool,bool)" (?IsolatedFlush@ProxyFilter@CryptoPP@@UEAA_N_N0@Z)
RSAWrapper.obj : error LNK2001: unresolved external symbol "public: virtual bool __cdecl CryptoPP::ProxyFilter::IsolatedFlush(bool,bool)" (?IsolatedFlush@ProxyFilter@CryptoPP@@UEAA_N_N0@Z)
Base64Wrapper.obj : error LNK2001: unresolved external symbol "public: virtual void __cdecl CryptoPP::ProxyFilter::NextPutMultiple(unsigned char const *,unsigned __int64)" (?NextPutMultiple@ProxyFilter@CryptoPP@@UEAAXPEBE_K@Z)
RSAWrapper.obj : error LNK2001: unresolved external symbol "public: virtual void __cdecl CryptoPP::ProxyFilter::NextPutMultiple(unsigned char const *,unsigned __int64)" (?NextPutMultiple@ProxyFilter@CryptoPP@@UEAAXPEBE_K@Z)
Base64Wrapper.obj : error LNK2001: unresolved external symbol "public: virtual void __cdecl CryptoPP::ProxyFilter::NextPutModifiable(unsigned char *,unsigned __int64)" (?NextPutModifiable@ProxyFilter@CryptoPP@@UEAAXPEAE_K@Z)
RSAWrapper.obj : error LNK2001: unresolved external symbol "public: virtual void __cdecl CryptoPP::ProxyFilter::NextPutModifiable(unsigned char *,unsigned __int64)" (?NextPutModifiable@ProxyFilter@CryptoPP@@UEAAXPEAE_K@Z)
Base64Wrapper.obj : error LNK2001: unresolved external symbol "public: virtual unsigned __int64 __cdecl CryptoPP::StringStore::TransferTo2(class CryptoPP::BufferedTransformation &,unsigned __int64 &,class std::basic_string<char,struct std::char_traits<char>,class std::allocator<char> > const &,bool)" (?TransferTo2@StringStore@CryptoPP@@UEAA_KAEAVBufferedTransformation@2@AEA_KAEBV?$basic_string@DU?$char_traits@D@std@@V?$allocator@D@2@@std@@_N@Z)
RSAWrapper.obj : error LNK2001: unresolved external symbol "public: virtual unsigned __int64 __cdecl CryptoPP::StringStore::TransferTo2(class CryptoPP::BufferedTransformation &,unsigned __int64 &,class std::basic_string<char,struct std::char_traits<char>,class std::allocator<char> > const &,bool)" (?TransferTo2@StringStore@CryptoPP@@UEAA_KAEAVBufferedTransformation@2@AEA_KAEBV?$basic_string@DU?$char_traits@D@std@@V?$allocator@D@2@@std@@_N@Z)
Base64Wrapper.obj : error LNK2001: unresolved external symbol "public: virtual unsigned __int64 __cdecl CryptoPP::StringStore::CopyRangeTo2(class CryptoPP::BufferedTransformation &,unsigned __int64 &,unsigned __int64,class std::basic_string<char,struct std::char_traits<char>,class std::allocator<char> > const &,bool)const " (?CopyRangeTo2@StringStore@CryptoPP@@UEBA_KAEAVBufferedTransformation@2@AEA_K_KAEBV?$basic_string@DU?$char_traits@D@std@@V?$allocator@D@2@@std@@_N@Z)
RSAWrapper.obj : error LNK2001: unresolved external symbol "public: virtual unsigned __int64 __cdecl CryptoPP::StringStore::CopyRangeTo2(class CryptoPP::BufferedTransformation &,unsigned __int64 &,unsigned __int64,class std::basic_string<char,struct std::char_traits<char>,class std::allocator<char> > const &,bool)const " (?CopyRangeTo2@StringStore@CryptoPP@@UEBA_KAEAVBufferedTransformation@2@AEA_K_KAEBV?$basic_string@DU?$char_traits@D@std@@V?$allocator@D@2@@std@@_N@Z)
Base64Wrapper.obj : error LNK2019: unresolved external symbol "private: virtual void __cdecl CryptoPP::StringStore::StoreInitialize(class CryptoPP::NameValuePairs const &)" (?StoreInitialize@StringStore@CryptoPP@@EEAAXAEBVNameValuePairs@2@@Z) referenced in function "public: __cdecl CryptoPP::StringStore::StringStore(char const *)" (??0StringStore@CryptoPP@@QEAA@PEBD@Z)
RSAWrapper.obj : error LNK2001: unresolved external symbol "private: virtual void __cdecl CryptoPP::StringStore::StoreInitialize(class CryptoPP::NameValuePairs const &)" (?StoreInitialize@StringStore@CryptoPP@@EEAAXAEBVNameValuePairs@2@@Z)
Base64Wrapper.obj : error LNK2001: unresolved external symbol "public: virtual void __cdecl CryptoPP::BaseN_Encoder::IsolatedInitialize(class CryptoPP::NameValuePairs const &)" (?IsolatedInitialize@BaseN_Encoder@CryptoPP@@UEAAXAEBVNameValuePairs@2@@Z)
Base64Wrapper.obj : error LNK2001: unresolved external symbol "public: virtual unsigned __int64 __cdecl CryptoPP::BaseN_Encoder::Put2(unsigned char const *,unsigned __int64,int,bool)" (?Put2@BaseN_Encoder@CryptoPP@@UEAA_KPEBE_KH_N@Z)
Base64Wrapper.obj : error LNK2019: unresolved external symbol "public: virtual void __cdecl CryptoPP::BaseN_Decoder::IsolatedInitialize(class CryptoPP::NameValuePairs const &)" (?IsolatedInitialize@BaseN_Decoder@CryptoPP@@UEAAXAEBVNameValuePairs@2@@Z) referenced in function "public: __cdecl CryptoPP::BaseN_Decoder::BaseN_Decoder(int const *,int,class CryptoPP::BufferedTransformation *)" (??0BaseN_Decoder@CryptoPP@@QEAA@PEBHHPEAVBufferedTransformation@1@@Z)
Base64Wrapper.obj : error LNK2001: unresolved external symbol "public: virtual unsigned __int64 __cdecl CryptoPP::BaseN_Decoder::Put2(unsigned char const *,unsigned __int64,int,bool)" (?Put2@BaseN_Decoder@CryptoPP@@UEAA_KPEBE_KH_N@Z)
Base64Wrapper.obj : error LNK2001: unresolved external symbol "public: virtual void __cdecl CryptoPP::Grouper::IsolatedInitialize(class CryptoPP::NameValuePairs const &)" (?IsolatedInitialize@Grouper@CryptoPP@@UEAAXAEBVNameValuePairs@2@@Z)
Base64Wrapper.obj : error LNK2001: unresolved external symbol "public: virtual unsigned __int64 __cdecl CryptoPP::Grouper::Put2(unsigned char const *,unsigned __int64,int,bool)" (?Put2@Grouper@CryptoPP@@UEAA_KPEBE_KH_N@Z)
Base64Wrapper.obj : error LNK2019: unresolved external symbol "public: virtual void __cdecl CryptoPP::Base64Encoder::IsolatedInitialize(class CryptoPP::NameValuePairs const &)" (?IsolatedInitialize@Base64Encoder@CryptoPP@@UEAAXAEBVNameValuePairs@2@@Z) referenced in function "public: __cdecl CryptoPP::Base64Encoder::Base64Encoder(class CryptoPP::BufferedTransformation *,bool,int)" (??0Base64Encoder@CryptoPP@@QEAA@PEAVBufferedTransformation@1@_NH@Z)
Base64Wrapper.obj : error LNK2001: unresolved external symbol "public: virtual void __cdecl CryptoPP::Base64Decoder::IsolatedInitialize(class CryptoPP::NameValuePairs const &)" (?IsolatedInitialize@Base64Decoder@CryptoPP@@UEAAXAEBVNameValuePairs@2@@Z)
Base64Wrapper.obj : error LNK2019: unresolved external symbol "private: static int const * __cdecl CryptoPP::Base64Decoder::GetDecodingLookupArray(void)" (?GetDecodingLookupArray@Base64Decoder@CryptoPP@@CAPEBHXZ) referenced in function "public: __cdecl CryptoPP::Base64Decoder::Base64Decoder(class CryptoPP::BufferedTransformation *)" (??0Base64Decoder@CryptoPP@@QEAA@PEAVBufferedTransformation@1@@Z)
Base64Wrapper.obj : error LNK2001: unresolved external symbol "class std::basic_string<char,struct std::char_traits<char>,class std::allocator<char> > const CryptoPP::DEFAULT_CHANNEL" (?DEFAULT_CHANNEL@CryptoPP@@3V?$basic_string@DU?$char_traits@D@std@@V?$allocator@D@2@@std@@B)
RSAWrapper.obj : error LNK2001: unresolved external symbol "class std::basic_string<char,struct std::char_traits<char>,class std::allocator<char> > const CryptoPP::DEFAULT_CHANNEL" (?DEFAULT_CHANNEL@CryptoPP@@3V?$basic_string@DU?$char_traits@D@std@@V?$allocator@D@2@@std@@B)
RSAWrapper.obj : error LNK2001: unresolved external symbol "public: virtual bool __cdecl CryptoPP::HashTransformation::TruncatedVerify(unsigned char const *,unsigned __int64)" (?TruncatedVerify@HashTransformation@CryptoPP@@UEAA_NPEBE_K@Z)
RSAWrapper.obj : error LNK2001: unresolved external symbol "public: virtual unsigned char __cdecl CryptoPP::RandomNumberGenerator::GenerateByte(void)" (?GenerateByte@RandomNumberGenerator@CryptoPP@@UEAAEXZ)
RSAWrapper.obj : error LNK2001: unresolved external symbol "public: virtual unsigned int __cdecl CryptoPP::RandomNumberGenerator::GenerateBit(void)" (?GenerateBit@RandomNumberGenerator@CryptoPP@@UEAAIXZ)
RSAWrapper.obj : error LNK2001: unresolved external symbol "public: virtual unsigned int __cdecl CryptoPP::RandomNumberGenerator::GenerateWord32(unsigned int,unsigned int)" (?GenerateWord32@RandomNumberGenerator@CryptoPP@@UEAAIII@Z)
RSAWrapper.obj : error LNK2001: unresolved external symbol "public: virtual void __cdecl CryptoPP::RandomNumberGenerator::GenerateBlock(unsigned char *,unsigned __int64)" (?GenerateBlock@RandomNumberGenerator@CryptoPP@@UEAAXPEAE_K@Z)
RSAWrapper.obj : error LNK2001: unresolved external symbol "public: virtual void __cdecl CryptoPP::RandomNumberGenerator::DiscardBytes(unsigned __int64)" (?DiscardBytes@RandomNumberGenerator@CryptoPP@@UEAAX_K@Z)
RSAWrapper.obj : error LNK2001: unresolved external symbol "public: virtual class CryptoPP::BufferedTransformation * __cdecl CryptoPP::PK_Encryptor::CreateEncryptionFilter(class CryptoPP::RandomNumberGenerator &,class CryptoPP::BufferedTransformation *,class CryptoPP::NameValuePairs const &)const " (?CreateEncryptionFilter@PK_Encryptor@CryptoPP@@UEBAPEAVBufferedTransformation@2@AEAVRandomNumberGenerator@2@PEAV32@AEBVNameValuePairs@2@@Z)
RSAWrapper.obj : error LNK2001: unresolved external symbol "public: virtual class CryptoPP::BufferedTransformation * __cdecl CryptoPP::PK_Decryptor::CreateDecryptionFilter(class CryptoPP::RandomNumberGenerator &,class CryptoPP::BufferedTransformation *,class CryptoPP::NameValuePairs const &)const " (?CreateDecryptionFilter@PK_Decryptor@CryptoPP@@UEBAPEAVBufferedTransformation@2@AEAVRandomNumberGenerator@2@PEAV32@AEBVNameValuePairs@2@@Z)
RSAWrapper.obj : error LNK2019: unresolved external symbol "public: virtual __cdecl CryptoPP::ByteQueue::~ByteQueue(void)" (??1ByteQueue@CryptoPP@@UEAA@XZ) referenced in function "public: virtual __cdecl CryptoPP::PKCS8PrivateKey::~PKCS8PrivateKey(void)" (??1PKCS8PrivateKey@CryptoPP@@UEAA@XZ)
RSAWrapper.obj : error LNK2019: unresolved external symbol "public: __cdecl CryptoPP::ByteQueue::ByteQueue(unsigned __int64)" (??0ByteQueue@CryptoPP@@QEAA@_K@Z) referenced in function "public: __cdecl CryptoPP::PKCS8PrivateKey::PKCS8PrivateKey(void)" (??0PKCS8PrivateKey@CryptoPP@@QEAA@XZ)
RSAWrapper.obj : error LNK2019: unresolved external symbol "public: __cdecl CryptoPP::Integer::Integer(void)" (??0Integer@CryptoPP@@QEAA@XZ) referenced in function "public: __cdecl CryptoPP::InvertibleRSAFunction::InvertibleRSAFunction(void)" (??0InvertibleRSAFunction@CryptoPP@@QEAA@XZ)
RSAWrapper.obj : error LNK2019: unresolved external symbol "public: __cdecl CryptoPP::Integer::Integer(class CryptoPP::Integer const &)" (??0Integer@CryptoPP@@QEAA@AEBV01@@Z) referenced in function "public: __cdecl CryptoPP::RSAFunction::RSAFunction(class CryptoPP::RSAFunction const &)" (??0RSAFunction@CryptoPP@@QEAA@AEBV01@@Z)
RSAWrapper.obj : error LNK2019: unresolved external symbol "public: __cdecl CryptoPP::Integer::Integer(long)" (??0Integer@CryptoPP@@QEAA@J@Z) referenced in function "public: __cdecl RSAPrivateWrapper::RSAPrivateWrapper(void)" (??0RSAPrivateWrapper@@QEAA@XZ)
RSAWrapper.obj : error LNK2019: unresolved external symbol "public: unsigned int __cdecl CryptoPP::Integer::BitCount(void)const " (?BitCount@Integer@CryptoPP@@QEBAIXZ) referenced in function "protected: unsigned __int64 __cdecl CryptoPP::TF_CryptoSystemBase<class CryptoPP::PK_Decryptor,class CryptoPP::TF_Base<class CryptoPP::TrapdoorFunctionInverse,class CryptoPP::PK_EncryptionMessageEncodingMethod> >::PaddedBlockBitLength(void)const " (?PaddedBlockBitLength@?$TF_CryptoSystemBase@VPK_Decryptor@CryptoPP@@V?$TF_Base@VTrapdoorFunctionInverse@CryptoPP@@VPK_EncryptionMessageEncodingMethod@2@@2@@CryptoPP@@IEBA_KXZ)
RSAWrapper.obj : error LNK2019: unresolved external symbol "public: unsigned int __cdecl CryptoPP::Integer::ByteCount(void)const " (?ByteCount@Integer@CryptoPP@@QEBAIXZ) referenced in function "public: virtual unsigned __int64 __cdecl CryptoPP::TF_CryptoSystemBase<class CryptoPP::PK_Decryptor,class CryptoPP::TF_Base<class CryptoPP::TrapdoorFunctionInverse,class CryptoPP::PK_EncryptionMessageEncodingMethod> >::FixedCiphertextLength(void)const " (?FixedCiphertextLength@?$TF_CryptoSystemBase@VPK_Decryptor@CryptoPP@@V?$TF_Base@VTrapdoorFunctionInverse@CryptoPP@@VPK_EncryptionMessageEncodingMethod@2@@2@@CryptoPP@@UEBA_KXZ)
RSAWrapper.obj : error LNK2019: unresolved external symbol "public: class CryptoPP::Integer & __cdecl CryptoPP::Integer::operator--(void)" (??FInteger@CryptoPP@@QEAAAEAV01@XZ) referenced in function "public: virtual class CryptoPP::Integer __cdecl CryptoPP::TrapdoorFunctionBounds::MaxImage(void)const " (?MaxImage@TrapdoorFunctionBounds@CryptoPP@@UEBA?AVInteger@2@XZ)
RSAWrapper.obj : error LNK2001: unresolved external symbol "public: virtual void __cdecl CryptoPP::ArraySink::IsolatedInitialize(class CryptoPP::NameValuePairs const &)" (?IsolatedInitialize@ArraySink@CryptoPP@@UEAAXAEBVNameValuePairs@2@@Z)
RSAWrapper.obj : error LNK2001: unresolved external symbol "public: virtual unsigned char * __cdecl CryptoPP::ArraySink::CreatePutSpace(unsigned __int64 &)" (?CreatePutSpace@ArraySink@CryptoPP@@UEAAPEAEAEA_K@Z)
RSAWrapper.obj : error LNK2001: unresolved external symbol "public: virtual unsigned __int64 __cdecl CryptoPP::ArraySink::Put2(unsigned char const *,unsigned __int64,int,bool)" (?Put2@ArraySink@CryptoPP@@UEAA_KPEBE_KH_N@Z)
RSAWrapper.obj : error LNK2019: unresolved external symbol "public: __cdecl CryptoPP::RandomPool::RandomPool(void)" (??0RandomPool@CryptoPP@@QEAA@XZ) referenced in function "public: __cdecl CryptoPP::AutoSeededRandomPool::AutoSeededRandomPool(bool,unsigned int)" (??0AutoSeededRandomPool@CryptoPP@@QEAA@_NI@Z)
RSAWrapper.obj : error LNK2001: unresolved external symbol "public: virtual void __cdecl CryptoPP::RandomPool::IncorporateEntropy(unsigned char const *,unsigned __int64)" (?IncorporateEntropy@RandomPool@CryptoPP@@UEAAXPEBE_K@Z)
RSAWrapper.obj : error LNK2001: unresolved external symbol "public: virtual void __cdecl CryptoPP::RandomPool::GenerateIntoBufferedTransformation(class CryptoPP::BufferedTransformation &,class std::basic_string<char,struct std::char_traits<char>,class std::allocator<char> > const &,unsigned __int64)" (?GenerateIntoBufferedTransformation@RandomPool@CryptoPP@@UEAAXAEAVBufferedTransformation@2@AEBV?$basic_string@DU?$char_traits@D@std@@V?$allocator@D@2@@std@@_K@Z)
RSAWrapper.obj : error LNK2001: unresolved external symbol "public: virtual void __cdecl CryptoPP::IteratedHashBase<unsigned int,class CryptoPP::HashTransformation>::Update(unsigned char const *,unsigned __int64)" (?Update@?$IteratedHashBase@IVHashTransformation@CryptoPP@@@CryptoPP@@UEAAXPEBE_K@Z)
RSAWrapper.obj : error LNK2001: unresolved external symbol "public: virtual unsigned char * __cdecl CryptoPP::IteratedHashBase<unsigned int,class CryptoPP::HashTransformation>::CreateUpdateSpace(unsigned __int64 &)" (?CreateUpdateSpace@?$IteratedHashBase@IVHashTransformation@CryptoPP@@@CryptoPP@@UEAAPEAEAEA_K@Z)
RSAWrapper.obj : error LNK2001: unresolved external symbol "public: virtual void __cdecl CryptoPP::IteratedHashBase<unsigned int,class CryptoPP::HashTransformation>::Restart(void)" (?Restart@?$IteratedHashBase@IVHashTransformation@CryptoPP@@@CryptoPP@@UEAAXXZ)
RSAWrapper.obj : error LNK2001: unresolved external symbol "public: virtual void __cdecl CryptoPP::IteratedHashBase<unsigned int,class CryptoPP::HashTransformation>::TruncatedFinal(unsigned char *,unsigned __int64)" (?TruncatedFinal@?$IteratedHashBase@IVHashTransformation@CryptoPP@@@CryptoPP@@UEAAXPEAE_K@Z)
RSAWrapper.obj : error LNK2019: unresolved external symbol "public: static void __cdecl CryptoPP::SHA1::InitState(unsigned int *)" (?InitState@SHA1@CryptoPP@@SAXPEAI@Z) referenced in function "protected: virtual void __cdecl CryptoPP::IteratedHashWithStaticTransform<unsigned int,struct CryptoPP::EnumToType<enum CryptoPP::ByteOrder,1>,64,20,class CryptoPP::SHA1,0,0>::Init(void)" (?Init@?$IteratedHashWithStaticTransform@IU?$EnumToType@W4ByteOrder@CryptoPP@@$00@CryptoPP@@$0EA@$0BE@VSHA1@2@$0A@$0A@@CryptoPP@@MEAAXXZ)
RSAWrapper.obj : error LNK2019: unresolved external symbol "public: static void __cdecl CryptoPP::SHA1::Transform(unsigned int *,unsigned int const *)" (?Transform@SHA1@CryptoPP@@SAXPEAIPEBI@Z) referenced in function "protected: virtual void __cdecl CryptoPP::IteratedHashWithStaticTransform<unsigned int,struct CryptoPP::EnumToType<enum CryptoPP::ByteOrder,1>,64,20,class CryptoPP::SHA1,0,0>::HashEndianCorrectedBlock(unsigned int const *)" (?HashEndianCorrectedBlock@?$IteratedHashWithStaticTransform@IU?$EnumToType@W4ByteOrder@CryptoPP@@$00@CryptoPP@@$0EA@$0BE@VSHA1@2@$0A@$0A@@CryptoPP@@MEAAXPEBI@Z)
RSAWrapper.obj : error LNK2001: unresolved external symbol "public: virtual class std::basic_string<char,struct std::char_traits<char>,class std::allocator<char> > __cdecl CryptoPP::SHA1::AlgorithmProvider(void)const " (?AlgorithmProvider@SHA1@CryptoPP@@UEBA?AV?$basic_string@DU?$char_traits@D@std@@V?$allocator@D@2@@std@@XZ)
RSAWrapper.obj : error LNK2001: unresolved external symbol "protected: virtual unsigned __int64 __cdecl CryptoPP::SHA1::HashMultipleBlocks(unsigned int const *,unsigned __int64)" (?HashMultipleBlocks@SHA1@CryptoPP@@MEAA_KPEBI_K@Z)
RSAWrapper.obj : error LNK2019: unresolved external symbol "public: void __cdecl CryptoPP::AutoSeededRandomPool::Reseed(bool,unsigned int)" (?Reseed@AutoSeededRandomPool@CryptoPP@@QEAAX_NI@Z) referenced in function "public: __cdecl CryptoPP::AutoSeededRandomPool::AutoSeededRandomPool(bool,unsigned int)" (??0AutoSeededRandomPool@CryptoPP@@QEAA@_NI@Z)
RSAWrapper.obj : error LNK2001: unresolved external symbol "public: virtual struct CryptoPP::DecodingResult __cdecl CryptoPP::TF_DecryptorBase::Decrypt(class CryptoPP::RandomNumberGenerator &,unsigned char const *,unsigned __int64,unsigned char *,class CryptoPP::NameValuePairs const &)const " (?Decrypt@TF_DecryptorBase@CryptoPP@@UEBA?AUDecodingResult@2@AEAVRandomNumberGenerator@2@PEBE_KPEAEAEBVNameValuePairs@2@@Z)
RSAWrapper.obj : error LNK2001: unresolved external symbol "public: virtual void __cdecl CryptoPP::TF_EncryptorBase::Encrypt(class CryptoPP::RandomNumberGenerator &,unsigned char const *,unsigned __int64,unsigned char *,class CryptoPP::NameValuePairs const &)const " (?Encrypt@TF_EncryptorBase@CryptoPP@@UEBAXAEAVRandomNumberGenerator@2@PEBE_KPEAEAEBVNameValuePairs@2@@Z)
RSAWrapper.obj : error LNK2019: unresolved external symbol "void __cdecl CryptoPP::P1363_MGF1KDF2_Common(class CryptoPP::HashTransformation &,unsigned char *,unsigned __int64,unsigned char const *,unsigned __int64,unsigned char const *,unsigned __int64,bool,unsigned int)" (?P1363_MGF1KDF2_Common@CryptoPP@@YAXAEAVHashTransformation@1@PEAE_KPEBE232_NI@Z) referenced in function "public: virtual void __cdecl CryptoPP::P1363_MGF1::GenerateAndMask(class CryptoPP::HashTransformation &,unsigned char *,unsigned __int64,unsigned char const *,unsigned __int64,bool)const " (?GenerateAndMask@P1363_MGF1@CryptoPP@@UEBAXAEAVHashTransformation@2@PEAE_KPEBE2_N@Z)
RSAWrapper.obj : error LNK2001: unresolved external symbol "public: virtual unsigned __int64 __cdecl CryptoPP::OAEP_Base::MaxUnpaddedLength(unsigned __int64)const " (?MaxUnpaddedLength@OAEP_Base@CryptoPP@@UEBA_K_K@Z)
RSAWrapper.obj : error LNK2001: unresolved external symbol "public: virtual void __cdecl CryptoPP::OAEP_Base::Pad(class CryptoPP::RandomNumberGenerator &,unsigned char const *,unsigned __int64,unsigned char *,unsigned __int64,class CryptoPP::NameValuePairs const &)const " (?Pad@OAEP_Base@CryptoPP@@UEBAXAEAVRandomNumberGenerator@2@PEBE_KPEAE2AEBVNameValuePairs@2@@Z)
RSAWrapper.obj : error LNK2001: unresolved external symbol "public: virtual struct CryptoPP::DecodingResult __cdecl CryptoPP::OAEP_Base::Unpad(unsigned char const *,unsigned __int64,unsigned char *,class CryptoPP::NameValuePairs const &)const " (?Unpad@OAEP_Base@CryptoPP@@UEBA?AUDecodingResult@2@PEBE_KPEAEAEBVNameValuePairs@2@@Z)
RSAWrapper.obj : error LNK2019: unresolved external symbol "void __cdecl CryptoPP::DEREncodeNull(class CryptoPP::BufferedTransformation &)" (?DEREncodeNull@CryptoPP@@YAXAEAVBufferedTransformation@1@@Z) referenced in function "public: virtual bool __cdecl CryptoPP::PKCS8PrivateKey::DEREncodeAlgorithmParameters(class CryptoPP::BufferedTransformation &)const " (?DEREncodeAlgorithmParameters@PKCS8PrivateKey@CryptoPP@@UEBA_NAEAVBufferedTransformation@2@@Z)
RSAWrapper.obj : error LNK2019: unresolved external symbol "void __cdecl CryptoPP::BERDecodeNull(class CryptoPP::BufferedTransformation &)" (?BERDecodeNull@CryptoPP@@YAXAEAVBufferedTransformation@1@@Z) referenced in function "public: virtual bool __cdecl CryptoPP::PKCS8PrivateKey::BERDecodeAlgorithmParameters(class CryptoPP::BufferedTransformation &)" (?BERDecodeAlgorithmParameters@PKCS8PrivateKey@CryptoPP@@UEAA_NAEAVBufferedTransformation@2@@Z)
RSAWrapper.obj : error LNK2001: unresolved external symbol "public: virtual void __cdecl CryptoPP::X509PublicKey::BERDecode(class CryptoPP::BufferedTransformation &)" (?BERDecode@X509PublicKey@CryptoPP@@UEAAXAEAVBufferedTransformation@2@@Z)
RSAWrapper.obj : error LNK2001: unresolved external symbol "public: virtual void __cdecl CryptoPP::X509PublicKey::DEREncode(class CryptoPP::BufferedTransformation &)const " (?DEREncode@X509PublicKey@CryptoPP@@UEBAXAEAVBufferedTransformation@2@@Z)
RSAWrapper.obj : error LNK2019: unresolved external symbol "public: virtual void __cdecl CryptoPP::PKCS8PrivateKey::BERDecode(class CryptoPP::BufferedTransformation &)" (?BERDecode@PKCS8PrivateKey@CryptoPP@@UEAAXAEAVBufferedTransformation@2@@Z) referenced in function "public: virtual void __cdecl CryptoPP::InvertibleRSAFunction::BERDecode(class CryptoPP::BufferedTransformation &)" (?BERDecode@InvertibleRSAFunction@CryptoPP@@UEAAXAEAVBufferedTransformation@2@@Z)
RSAWrapper.obj : error LNK2019: unresolved external symbol "public: virtual void __cdecl CryptoPP::PKCS8PrivateKey::DEREncode(class CryptoPP::BufferedTransformation &)const " (?DEREncode@PKCS8PrivateKey@CryptoPP@@UEBAXAEAVBufferedTransformation@2@@Z) referenced in function "public: virtual void __cdecl CryptoPP::InvertibleRSAFunction::DEREncode(class CryptoPP::BufferedTransformation &)const " (?DEREncode@InvertibleRSAFunction@CryptoPP@@UEBAXAEAVBufferedTransformation@2@@Z)
RSAWrapper.obj : error LNK2001: unresolved external symbol "public: virtual void __cdecl CryptoPP::PKCS8PrivateKey::BERDecodeOptionalAttributes(class CryptoPP::BufferedTransformation &)" (?BERDecodeOptionalAttributes@PKCS8PrivateKey@CryptoPP@@UEAAXAEAVBufferedTransformation@2@@Z)
RSAWrapper.obj : error LNK2001: unresolved external symbol "public: virtual void __cdecl CryptoPP::PKCS8PrivateKey::DEREncodeOptionalAttributes(class CryptoPP::BufferedTransformation &)const " (?DEREncodeOptionalAttributes@PKCS8PrivateKey@CryptoPP@@UEBAXAEAVBufferedTransformation@2@@Z)
RSAWrapper.obj : error LNK2019: unresolved external symbol "public: virtual class CryptoPP::OID __cdecl CryptoPP::RSAFunction::GetAlgorithmID(void)const " (?GetAlgorithmID@RSAFunction@CryptoPP@@UEBA?AVOID@2@XZ) referenced in function "public: virtual class CryptoPP::OID __cdecl CryptoPP::InvertibleRSAFunction::GetAlgorithmID(void)const " (?GetAlgorithmID@InvertibleRSAFunction@CryptoPP@@UEBA?AVOID@2@XZ)
RSAWrapper.obj : error LNK2001: unresolved external symbol "public: virtual void __cdecl CryptoPP::RSAFunction::BERDecodePublicKey(class CryptoPP::BufferedTransformation &,bool,unsigned __int64)" (?BERDecodePublicKey@RSAFunction@CryptoPP@@UEAAXAEAVBufferedTransformation@2@_N_K@Z)
RSAWrapper.obj : error LNK2001: unresolved external symbol "public: virtual void __cdecl CryptoPP::RSAFunction::DEREncodePublicKey(class CryptoPP::BufferedTransformation &)const " (?DEREncodePublicKey@RSAFunction@CryptoPP@@UEBAXAEAVBufferedTransformation@2@@Z)
RSAWrapper.obj : error LNK2001: unresolved external symbol "public: virtual bool __cdecl CryptoPP::RSAFunction::Validate(class CryptoPP::RandomNumberGenerator &,unsigned int)const " (?Validate@RSAFunction@CryptoPP@@UEBA_NAEAVRandomNumberGenerator@2@I@Z)
RSAWrapper.obj : error LNK2001: unresolved external symbol "public: virtual bool __cdecl CryptoPP::RSAFunction::GetVoidValue(char const *,class type_info const &,void *)const " (?GetVoidValue@RSAFunction@CryptoPP@@UEBA_NPEBDAEBVtype_info@@PEAX@Z)
RSAWrapper.obj : error LNK2001: unresolved external symbol "public: virtual void __cdecl CryptoPP::RSAFunction::AssignFrom(class CryptoPP::NameValuePairs const &)" (?AssignFrom@RSAFunction@CryptoPP@@UEAAXAEBVNameValuePairs@2@@Z)
RSAWrapper.obj : error LNK2001: unresolved external symbol "public: virtual class CryptoPP::Integer __cdecl CryptoPP::RSAFunction::ApplyFunction(class CryptoPP::Integer const &)const " (?ApplyFunction@RSAFunction@CryptoPP@@UEBA?AVInteger@2@AEBV32@@Z)
RSAWrapper.obj : error LNK2019: unresolved external symbol "public: void __cdecl CryptoPP::InvertibleRSAFunction::Initialize(class CryptoPP::RandomNumberGenerator &,unsigned int,class CryptoPP::Integer const &)" (?Initialize@InvertibleRSAFunction@CryptoPP@@QEAAXAEAVRandomNumberGenerator@2@IAEBVInteger@2@@Z) referenced in function "public: __cdecl RSAPrivateWrapper::RSAPrivateWrapper(void)" (??0RSAPrivateWrapper@@QEAA@XZ)
RSAWrapper.obj : error LNK2001: unresolved external symbol "public: virtual void __cdecl CryptoPP::InvertibleRSAFunction::BERDecodePrivateKey(class CryptoPP::BufferedTransformation &,bool,unsigned __int64)" (?BERDecodePrivateKey@InvertibleRSAFunction@CryptoPP@@UEAAXAEAVBufferedTransformation@2@_N_K@Z)
RSAWrapper.obj : error LNK2001: unresolved external symbol "public: virtual void __cdecl CryptoPP::InvertibleRSAFunction::DEREncodePrivateKey(class CryptoPP::BufferedTransformation &)const " (?DEREncodePrivateKey@InvertibleRSAFunction@CryptoPP@@UEBAXAEAVBufferedTransformation@2@@Z)
RSAWrapper.obj : error LNK2001: unresolved external symbol "public: virtual class CryptoPP::Integer __cdecl CryptoPP::InvertibleRSAFunction::CalculateInverse(class CryptoPP::RandomNumberGenerator &,class CryptoPP::Integer const &)const " (?CalculateInverse@InvertibleRSAFunction@CryptoPP@@UEBA?AVInteger@2@AEAVRandomNumberGenerator@2@AEBV32@@Z)
RSAWrapper.obj : error LNK2001: unresolved external symbol "public: virtual bool __cdecl CryptoPP::InvertibleRSAFunction::Validate(class CryptoPP::RandomNumberGenerator &,unsigned int)const " (?Validate@InvertibleRSAFunction@CryptoPP@@UEBA_NAEAVRandomNumberGenerator@2@I@Z)
RSAWrapper.obj : error LNK2001: unresolved external symbol "public: virtual void __cdecl CryptoPP::InvertibleRSAFunction::GenerateRandom(class CryptoPP::RandomNumberGenerator &,class CryptoPP::NameValuePairs const &)" (?GenerateRandom@InvertibleRSAFunction@CryptoPP@@UEAAXAEAVRandomNumberGenerator@2@AEBVNameValuePairs@2@@Z)
RSAWrapper.obj : error LNK2001: unresolved external symbol "public: virtual bool __cdecl CryptoPP::InvertibleRSAFunction::GetVoidValue(char const *,class type_info const &,void *)const " (?GetVoidValue@InvertibleRSAFunction@CryptoPP@@UEBA_NPEBDAEBVtype_info@@PEAX@Z)
RSAWrapper.obj : error LNK2001: unresolved external symbol "public: virtual void __cdecl CryptoPP::InvertibleRSAFunction::AssignFrom(class CryptoPP::NameValuePairs const &)" (?AssignFrom@InvertibleRSAFunction@CryptoPP@@UEAAXAEBVNameValuePairs@2@@Z)
C:\Users\Maya\Documents\studies\defensive_systems\file_sender_cpp\FileSender\x64\Debug\FileSender.exe : fatal error LNK1120: 151 unresolved externals
