c:\users\maya\documents\studies\defensive_systems\file_sender_cpp\filesender\filesender\debug\vc143.pdb
c:\users\maya\documents\studies\defensive_systems\file_sender_cpp\filesender\filesender\debug\vc143.idb
c:\users\maya\documents\studies\defensive_systems\file_sender_cpp\filesender\filesender\debug\filesender.obj
c:\users\maya\documents\studies\defensive_systems\file_sender_cpp\filesender\filesender\debug\rsawrapper.obj
c:\users\maya\documents\studies\defensive_systems\file_sender_cpp\filesender\filesender\debug\main.obj
c:\users\maya\documents\studies\defensive_systems\file_sender_cpp\filesender\filesender\debug\examples.obj
c:\users\maya\documents\studies\defensive_systems\file_sender_cpp\filesender\filesender\debug\config.obj
c:\users\maya\documents\studies\defensive_systems\file_sender_cpp\filesender\filesender\debug\base64wrapper.obj
c:\users\maya\documents\studies\defensive_systems\file_sender_cpp\filesender\filesender\debug\aeswrapper.obj
c:\users\maya\documents\studies\defensive_systems\file_sender_cpp\filesender\filesender\debug\requests_operations.obj
c:\users\maya\documents\studies\defensive_systems\file_sender_cpp\filesender\debug\filesender.exe
c:\users\maya\documents\studies\defensive_systems\file_sender_cpp\filesender\filesender\debug\filesender.ilk
c:\users\maya\documents\studies\defensive_systems\file_sender_cpp\filesender\debug\filesender.pdb
c:\users\maya\documents\studies\defensive_systems\file_sender_cpp\filesender\filesender\debug\config.obj.enc
c:\users\maya\documents\studies\defensive_systems\file_sender_cpp\filesender\filesender\debug\filesender.tlog\cl.command.1.tlog
c:\users\maya\documents\studies\defensive_systems\file_sender_cpp\filesender\filesender\debug\filesender.tlog\cl.read.1.tlog
c:\users\maya\documents\studies\defensive_systems\file_sender_cpp\filesender\filesender\debug\filesender.tlog\cl.write.1.tlog
c:\users\maya\documents\studies\defensive_systems\file_sender_cpp\filesender\filesender\debug\filesender.tlog\link.command.1.tlog
c:\users\maya\documents\studies\defensive_systems\file_sender_cpp\filesender\filesender\debug\filesender.tlog\link.read.1.tlog
c:\users\maya\documents\studies\defensive_systems\file_sender_cpp\filesender\filesender\debug\filesender.tlog\link.write.1.tlog
